0 info it worked if it ends with ok
1 verbose cli [ '/usr/bin/nodejs',
1 verbose cli   '/usr/bin/npm',
1 verbose cli   'install',
1 verbose cli   '-g',
1 verbose cli   'bower',
1 verbose cli   'to',
1 verbose cli   'update.' ]
2 info using npm@1.4.21
3 info using node@v0.10.25
4 verbose cache add [ 'bower', null ]
5 verbose cache add name=undefined spec="bower" args=["bower",null]
6 verbose parsed url { protocol: null,
6 verbose parsed url   slashes: null,
6 verbose parsed url   auth: null,
6 verbose parsed url   host: null,
6 verbose parsed url   port: null,
6 verbose parsed url   hostname: null,
6 verbose parsed url   hash: null,
6 verbose parsed url   search: null,
6 verbose parsed url   query: null,
6 verbose parsed url   pathname: 'bower',
6 verbose parsed url   path: 'bower',
6 verbose parsed url   href: 'bower' }
7 verbose cache add [ 'to', null ]
8 verbose cache add name=undefined spec="to" args=["to",null]
9 verbose parsed url { protocol: null,
9 verbose parsed url   slashes: null,
9 verbose parsed url   auth: null,
9 verbose parsed url   host: null,
9 verbose parsed url   port: null,
9 verbose parsed url   hostname: null,
9 verbose parsed url   hash: null,
9 verbose parsed url   search: null,
9 verbose parsed url   query: null,
9 verbose parsed url   pathname: 'to',
9 verbose parsed url   path: 'to',
9 verbose parsed url   href: 'to' }
10 verbose cache add [ 'update.', null ]
11 verbose cache add name=undefined spec="update." args=["update.",null]
12 verbose parsed url { protocol: null,
12 verbose parsed url   slashes: null,
12 verbose parsed url   auth: null,
12 verbose parsed url   host: null,
12 verbose parsed url   port: null,
12 verbose parsed url   hostname: null,
12 verbose parsed url   hash: null,
12 verbose parsed url   search: null,
12 verbose parsed url   query: null,
12 verbose parsed url   pathname: 'update.',
12 verbose parsed url   path: 'update.',
12 verbose parsed url   href: 'update.' }
13 silly lockFile 206e3ce5-bower bower
14 verbose lock bower /home/theo/.npm/206e3ce5-bower.lock
15 silly lockFile 4374aaee-to to
16 verbose lock to /home/theo/.npm/4374aaee-to.lock
17 silly lockFile 17a38c51-update update.
18 verbose lock update. /home/theo/.npm/17a38c51-update.lock
19 silly lockFile 206e3ce5-bower bower
20 silly lockFile 206e3ce5-bower bower
21 silly lockFile 4374aaee-to to
22 silly lockFile 4374aaee-to to
23 silly lockFile 17a38c51-update update.
24 silly lockFile 17a38c51-update update.
25 verbose addNamed [ 'bower', '' ]
26 verbose addNamed [ null, '*' ]
27 silly lockFile 1240aab1-bower bower@
28 verbose lock bower@ /home/theo/.npm/1240aab1-bower.lock
29 verbose addNamed [ 'to', '' ]
30 verbose addNamed [ null, '*' ]
31 silly lockFile d4731923-to to@
32 verbose lock to@ /home/theo/.npm/d4731923-to.lock
33 verbose addNamed [ 'update.', '' ]
34 verbose addNamed [ null, '*' ]
35 silly lockFile 1dbca7f2-update update.@
36 verbose lock update.@ /home/theo/.npm/1dbca7f2-update.lock
37 silly addNameRange { name: 'bower', range: '*', hasData: false }
38 silly addNameRange { name: 'to', range: '*', hasData: false }
39 silly addNameRange { name: 'update.', range: '*', hasData: false }
40 verbose request where is /to
41 verbose request registry https://registry.npmjs.org/
42 verbose request id cfc54744b941729f
43 verbose url raw /to
44 verbose url resolving [ 'https://registry.npmjs.org/', './to' ]
45 verbose url resolved https://registry.npmjs.org/to
46 verbose request where is https://registry.npmjs.org/to
47 info trying registry request attempt 1 at 13:00:43
48 http GET https://registry.npmjs.org/to
49 verbose request where is /update.
50 verbose request registry https://registry.npmjs.org/
51 verbose url raw /update.
52 verbose url resolving [ 'https://registry.npmjs.org/', './update.' ]
53 verbose url resolved https://registry.npmjs.org/update.
54 verbose request where is https://registry.npmjs.org/update.
55 info trying registry request attempt 1 at 13:00:43
56 http GET https://registry.npmjs.org/update.
57 verbose request where is /bower
58 verbose request registry https://registry.npmjs.org/
59 verbose url raw /bower
60 verbose url resolving [ 'https://registry.npmjs.org/', './bower' ]
61 verbose url resolved https://registry.npmjs.org/bower
62 verbose request where is https://registry.npmjs.org/bower
63 info trying registry request attempt 1 at 13:00:43
64 verbose etag "9HRYO8VFJFIXAO47KE43FACXA"
65 http GET https://registry.npmjs.org/bower
66 http 200 https://registry.npmjs.org/to
67 silly registry.get cb [ 200,
67 silly registry.get   { server: 'CouchDB/1.5.0 (Erlang OTP/R16B03)',
67 silly registry.get     etag: '"C0CKNCOJZFPGGLNP1OSQMTNDW"',
67 silly registry.get     'content-type': 'application/json',
67 silly registry.get     'cache-control': 'max-age=60',
67 silly registry.get     'content-length': '37266',
67 silly registry.get     'accept-ranges': 'bytes',
67 silly registry.get     date: 'Thu, 05 Nov 2015 15:00:44 GMT',
67 silly registry.get     via: '1.1 varnish',
67 silly registry.get     age: '0',
67 silly registry.get     connection: 'keep-alive',
67 silly registry.get     'x-served-by': 'cache-sjc3135-SJC',
67 silly registry.get     'x-cache': 'HIT',
67 silly registry.get     'x-cache-hits': '1',
67 silly registry.get     'x-timer': 'S1446735644.006042,VS0,VE39',
67 silly registry.get     vary: 'Accept' } ]
68 silly addNameRange number 2 { name: 'to', range: '*', hasData: true }
69 silly addNameRange versions [ 'to',
69 silly addNameRange   [ '0.0.1',
69 silly addNameRange     '0.0.2',
69 silly addNameRange     '0.0.3',
69 silly addNameRange     '0.1.0',
69 silly addNameRange     '0.1.1',
69 silly addNameRange     '0.1.2',
69 silly addNameRange     '0.2.0',
69 silly addNameRange     '0.2.1',
69 silly addNameRange     '0.2.2',
69 silly addNameRange     '0.2.3',
69 silly addNameRange     '0.2.4',
69 silly addNameRange     '0.2.5',
69 silly addNameRange     '0.2.6',
69 silly addNameRange     '0.2.7',
69 silly addNameRange     '0.2.8',
69 silly addNameRange     '0.2.9' ] ]
70 verbose addNamed [ 'to', '0.2.9' ]
71 verbose addNamed [ '0.2.9', '0.2.9' ]
72 silly lockFile 2515bbf0-to-0-2-9 to@0.2.9
73 verbose lock to@0.2.9 /home/theo/.npm/2515bbf0-to-0-2-9.lock
74 silly lockFile a65d4fc2-gistry-npmjs-org-to-to-0-2-9-tgz https://registry.npmjs.org/to/-/to-0.2.9.tgz
75 verbose lock https://registry.npmjs.org/to/-/to-0.2.9.tgz /home/theo/.npm/a65d4fc2-gistry-npmjs-org-to-to-0-2-9-tgz.lock
76 verbose addRemoteTarball [ 'https://registry.npmjs.org/to/-/to-0.2.9.tgz',
76 verbose addRemoteTarball   '0ba5a56fe53538db9205ceb6d7ed217aae4635c4' ]
77 info retry fetch attempt 1 at 13:00:44
78 verbose fetch to= /tmp/npm-1107-FuodCggy/registry.npmjs.org/to/-/to-0.2.9.tgz
79 http GET https://registry.npmjs.org/to/-/to-0.2.9.tgz
80 http 404 https://registry.npmjs.org/update.
81 silly registry.get cb [ 404,
81 silly registry.get   { 'content-type': 'application/json',
81 silly registry.get     'cache-control': 'max-age=0',
81 silly registry.get     'content-length': '2',
81 silly registry.get     'accept-ranges': 'bytes',
81 silly registry.get     date: 'Thu, 05 Nov 2015 15:00:44 GMT',
81 silly registry.get     via: '1.1 varnish',
81 silly registry.get     age: '0',
81 silly registry.get     connection: 'keep-alive',
81 silly registry.get     'x-served-by': 'cache-sjc3133-SJC',
81 silly registry.get     'x-cache': 'MISS',
81 silly registry.get     'x-cache-hits': '0',
81 silly registry.get     'x-timer': 'S1446735644.007994,VS0,VE387' } ]
82 silly lockFile 1dbca7f2-update update.@
83 silly lockFile 1dbca7f2-update update.@
84 error 404 Not Found
84 error 404
84 error 404 'update.' is not in the npm registry.
84 error 404 You should bug the author to publish it
84 error 404
84 error 404 Note that you can also install from a
84 error 404 tarball, folder, or http url, or git url.
85 error System Linux 3.19.0-28-generic
86 error command "/usr/bin/nodejs" "/usr/bin/npm" "install" "-g" "bower" "to" "update."
87 error cwd /home/theo/source/others/front-end
88 error node -v v0.10.25
89 error npm -v 1.4.21
90 error code E404
91 verbose exit [ 1, true ]
